[W 14:48:23.733 NotebookApp] Unrecognized JSON config file version, assuming version 1
[I 14:48:24.712 NotebookApp] [nb_conda_kernels] enabled, 1 kernels found
[I 14:48:24.724 NotebookApp] Writing notebook server cookie secret to /run/user/1000/jupyter/notebook_cookie_secret
[I 14:48:24.876 NotebookApp] ✓ nbpresent HTML export ENABLED
[W 14:48:24.876 NotebookApp] ✗ nbpresent PDF export DISABLED: No module named nbbrowserpdf.exporters.pdf
[I 14:48:24.881 NotebookApp] [nb_conda] enabled
[I 14:48:24.969 NotebookApp] [nb_anacondacloud] enabled
[I 14:48:24.972 NotebookApp] Serving notebooks from local directory: /home/darragh/Dropbox/cervical
[I 14:48:24.972 NotebookApp] 0 active kernels 
[I 14:48:24.972 NotebookApp] The Jupyter Notebook is running at: http://localhost:8888/
[I 14:48:24.973 NotebookApp] Use Control-C to stop this server and shut down all kernels (twice to skip confirmation).
Created new window in existing browser session.
[W 18:04:27.318 NotebookApp] Unreadable Notebook: /home/darragh/Dropbox/cervical/scripts/resnet50_raw_val.ipynb NotJSONError("Notebook does not appear to be JSON: u''...",)
[W 18:04:27.319 NotebookApp] 400 GET /api/contents/scripts/resnet50_raw_val.ipynb?type=notebook&_=1494176666520 (127.0.0.1) 2.34ms referer=http://localhost:8888/notebooks/scripts/resnet50_raw_val.ipynb
[W 18:04:27.329 NotebookApp] 404 GET /nbextensions/nb_anacondacloud/main.js?v=20170507144824 (127.0.0.1) 9.23ms referer=http://localhost:8888/notebooks/scripts/resnet50_raw_val.ipynb
[W 18:04:41.985 NotebookApp] delete /scripts/resnet50_raw_val.ipynb
[I 18:04:47.253 NotebookApp] Creating new notebook in /scripts
[W 18:04:48.395 NotebookApp] 404 GET /nbextensions/nb_anacondacloud/main.js?v=20170507144824 (127.0.0.1) 1.53ms referer=http://localhost:8888/notebooks/scripts/Untitled.ipynb?kernel_name=Python%20[Root]
[I 18:04:48.489 NotebookApp] Kernel started: a07814bd-f99d-44f2-b358-b95e7851b558
[W 18:04:48.499 NotebookApp] 404 GET /kernelspecs/Python%20[Root]/logo-64x64.png (127.0.0.1) 1.88ms referer=http://localhost:8888/notebooks/scripts/Untitled.ipynb?kernel_name=Python%20[Root]
[I 18:06:48.464 NotebookApp] Saving file at /scripts/resnet50_val_raw.ipynb
[I 18:08:48.463 NotebookApp] Saving file at /scripts/resnet50_val_raw.ipynb
[I 18:24:48.463 NotebookApp] Saving file at /scripts/resnet50_val_raw.ipynb
[I 18:25:35.764 NotebookApp] Creating new directory in /scripts
[W 18:25:48.368 NotebookApp] delete /scripts/Untitled Folder
[I 18:26:48.467 NotebookApp] Saving file at /scripts/resnet50_val_raw.ipynb
[I 18:26:56.324 NotebookApp] Saving file at /scripts/cnnmodels.py
[I 18:29:20.398 NotebookApp] Saving file at /scripts/cnnmodels.py
[I 18:30:48.875 NotebookApp] Saving file at /scripts/resnet50_val_raw.ipynb
[I 18:32:48.463 NotebookApp] Saving file at /scripts/resnet50_val_raw.ipynb
[I 18:34:48.463 NotebookApp] Saving file at /scripts/resnet50_val_raw.ipynb
[I 18:36:48.463 NotebookApp] Saving file at /scripts/resnet50_val_raw.ipynb
[I 18:38:48.462 NotebookApp] Saving file at /scripts/resnet50_val_raw.ipynb
[I 18:40:17.850 NotebookApp] Saving file at /scripts/resnet50_val_raw.ipynb
[I 18:42:48.463 NotebookApp] Saving file at /scripts/resnet50_val_raw.ipynb
[I 18:44:48.462 NotebookApp] Saving file at /scripts/resnet50_val_raw.ipynb
[I 18:46:48.462 NotebookApp] Saving file at /scripts/resnet50_val_raw.ipynb
[I 18:47:11.071 NotebookApp] Saving file at /scripts/resnet50_val_raw.ipynb
[I 18:48:48.463 NotebookApp] Saving file at /scripts/resnet50_val_raw.ipynb
[I 18:50:22.820 NotebookApp] Saving file at /scripts/resnet50_val_raw.ipynb
[I 18:50:48.463 NotebookApp] Saving file at /scripts/resnet50_val_raw.ipynb
[I 18:52:48.463 NotebookApp] Saving file at /scripts/resnet50_val_raw.ipynb
[I 18:53:28.547 NotebookApp] Saving file at /scripts/resnet50_val_raw.ipynb
[I 19:20:48.874 NotebookApp] Saving file at /scripts/resnet50_val_raw.ipynb
[I 19:22:48.463 NotebookApp] Saving file at /scripts/resnet50_val_raw.ipynb
[I 19:24:48.462 NotebookApp] Saving file at /scripts/resnet50_val_raw.ipynb
[I 19:26:48.464 NotebookApp] Saving file at /scripts/resnet50_val_raw.ipynb
[I 19:28:48.464 NotebookApp] Saving file at /scripts/resnet50_val_raw.ipynb
[I 19:30:48.463 NotebookApp] Saving file at /scripts/resnet50_val_raw.ipynb
[I 19:32:15.363 NotebookApp] Saving file at /scripts/resnet50_val_raw.ipynb
[I 19:32:48.463 NotebookApp] Saving file at /scripts/resnet50_val_raw.ipynb
[I 19:34:48.463 NotebookApp] Saving file at /scripts/resnet50_val_raw.ipynb
[I 19:36:48.876 NotebookApp] Saving file at /scripts/resnet50_val_raw.ipynb
[I 19:38:48.463 NotebookApp] Saving file at /scripts/resnet50_val_raw.ipynb
[I 19:40:48.463 NotebookApp] Saving file at /scripts/resnet50_val_raw.ipynb
[I 19:41:24.446 NotebookApp] Kernel restarted: a07814bd-f99d-44f2-b358-b95e7851b558
[I 19:41:40.979 NotebookApp] Kernel restarted: a07814bd-f99d-44f2-b358-b95e7851b558
[I 19:42:29.391 NotebookApp] Saving file at /scripts/resnet50_val_raw.ipynb
[I 19:43:37.434 NotebookApp] Kernel restarted: a07814bd-f99d-44f2-b358-b95e7851b558
[I 19:43:46.060 NotebookApp] Saving file at /scripts/resnet50_val_raw.ipynb
[I 19:44:48.462 NotebookApp] Saving file at /scripts/resnet50_val_raw.ipynb
[I 19:46:29.317 NotebookApp] Saving file at /scripts/resnet50_val_raw.ipynb
[I 19:48:48.462 NotebookApp] Saving file at /scripts/resnet50_val_raw.ipynb
[I 19:49:44.019 NotebookApp] Kernel restarted: a07814bd-f99d-44f2-b358-b95e7851b558
[I 19:49:44.984 NotebookApp] Saving file at /scripts/resnet50_val_raw.ipynb
[I 19:50:48.463 NotebookApp] Saving file at /scripts/resnet50_val_raw.ipynb
[I 19:52:48.873 NotebookApp] Saving file at /scripts/resnet50_val_raw.ipynb
[I 19:53:57.537 NotebookApp] Saving file at /scripts/resnet50_val_raw.ipynb
[I 19:55:19.613 NotebookApp] Kernel restarted: a07814bd-f99d-44f2-b358-b95e7851b558
[I 19:56:48.874 NotebookApp] Saving file at /scripts/resnet50_val_raw.ipynb
[I 19:58:18.122 NotebookApp] Saving file at /scripts/resnet50_val_raw.ipynb
[I 19:58:48.463 NotebookApp] Saving file at /scripts/resnet50_val_raw.ipynb
[I 20:00:48.464 NotebookApp] Saving file at /scripts/resnet50_val_raw.ipynb
[I 20:01:28.101 NotebookApp] Saving file at /scripts/resnet50_val_raw.ipynb
[I 20:01:31.793 NotebookApp] Saving file at /scripts/resnet50_val_raw.ipynb
[I 20:01:39.969 NotebookApp] Saving file at /scripts/cnnmodels.py
[I 19:28:41.019 NotebookApp] [nb_conda_kernels] enabled, 2 kernels found
[I 19:28:41.023 NotebookApp] Writing notebook server cookie secret to /run/user/1000/jupyter/notebook_cookie_secret
[W 19:28:43.711 NotebookApp] WARNING: The notebook server is listening on all IP addresses and not using encryption. This is not recommended.
[I 19:28:44.263 NotebookApp] ✓ nbpresent HTML export ENABLED
[W 19:28:44.263 NotebookApp] ✗ nbpresent PDF export DISABLED: No module named nbbrowserpdf.exporters.pdf
[I 19:28:44.267 NotebookApp] [nb_conda] enabled
[I 19:28:45.927 NotebookApp] [nb_anacondacloud] enabled
[I 19:28:45.938 NotebookApp] Serving notebooks from local directory: /home/ubuntu/cervical
[I 19:28:45.939 NotebookApp] 0 active kernels 
[I 19:28:45.939 NotebookApp] The Jupyter Notebook is running at: http://[all ip addresses on your system]:8888/
[I 19:28:45.939 NotebookApp] Use Control-C to stop this server and shut down all kernels (twice to skip confirmation).
[I 19:28:46.017 NotebookApp] 302 GET / (176.61.36.2) 0.62ms
[I 19:28:46.037 NotebookApp] 302 GET /tree (176.61.36.2) 0.82ms
[I 19:28:52.635 NotebookApp] 302 POST /login?next=%2Ftree (176.61.36.2) 0.89ms
[W 19:29:08.640 NotebookApp] Notebook scripts/resnet50_val_raw.ipynb is not trusted
[I 19:29:12.236 NotebookApp] Kernel started: fcc380e6-b6e6-4cda-b7e9-c8c67183f6c6
[I 19:31:09.547 NotebookApp] Saving file at /scripts/resnet50_val_raw.ipynb
[W 19:31:09.548 NotebookApp] Saving untrusted notebook scripts/resnet50_val_raw.ipynb
[I 19:34:34.209 NotebookApp] Saving file at /scripts/resnet50_val_raw.ipynb
[W 19:34:34.209 NotebookApp] Saving untrusted notebook scripts/resnet50_val_raw.ipynb
[I 19:34:34.406 NotebookApp] Saving file at /scripts/resnet50_val_raw.ipynb
[W 19:34:34.407 NotebookApp] Saving untrusted notebook scripts/resnet50_val_raw.ipynb
[I 19:34:58.013 NotebookApp] 302 GET / (176.61.36.2) 0.38ms
[W 19:35:06.161 NotebookApp] Notebook scripts/resnet50_val_raw.ipynb is not trusted
[I 19:36:00.049 NotebookApp] Kernel restarted: fcc380e6-b6e6-4cda-b7e9-c8c67183f6c6
[I 19:37:06.515 NotebookApp] Saving file at /scripts/resnet50_val_raw.ipynb
[I 19:37:14.476 NotebookApp] Saving file at /scripts/resnet50_val_raw.ipynb
[I 19:39:06.569 NotebookApp] Saving file at /scripts/resnet50_val_raw.ipynb
[I 19:41:06.534 NotebookApp] Saving file at /scripts/resnet50_val_raw.ipynb
[I 19:47:06.549 NotebookApp] Saving file at /scripts/resnet50_val_raw.ipynb
[I 19:49:06.474 NotebookApp] Saving file at /scripts/resnet50_val_raw.ipynb
[I 19:49:13.354 NotebookApp] Kernel restarted: fcc380e6-b6e6-4cda-b7e9-c8c67183f6c6
[I 19:50:49.004 NotebookApp] Saving file at /scripts/resnet50_val_raw.ipynb
[I 19:51:00.201 NotebookApp] Writing 36590 bytes to notebook.tex
[I 19:51:00.201 NotebookApp] Building PDF
[E 19:51:00.202 NotebookApp] nbconvert failed: pdflatex not found on PATH
    Traceback (most recent call last):
      File "/home/ubuntu/anaconda2/lib/python2.7/site-packages/notebook/nbconvert/handlers.py", line 104, in get
        "config_dir": self.application.settings['config_dir'],
      File "/home/ubuntu/anaconda2/lib/python2.7/site-packages/nbconvert/exporters/pdf.py", line 167, in from_notebook_node
        rc = self.run_latex(tex_file)
      File "/home/ubuntu/anaconda2/lib/python2.7/site-packages/nbconvert/exporters/pdf.py", line 129, in run_latex
        self.latex_count, log_error)
      File "/home/ubuntu/anaconda2/lib/python2.7/site-packages/nbconvert/exporters/pdf.py", line 91, in run_command
        raise OSError("%s not found on PATH" % command_list[0])
    OSError: pdflatex not found on PATH
[W 19:51:00.203 NotebookApp] 500 GET /nbconvert/pdf/scripts/resnet50_val_raw.ipynb?download=true (176.61.36.2): nbconvert failed: pdflatex not found on PATH
[E 19:51:00.208 NotebookApp] {
      "Accept-Language": "en-GB,en-US;q=0.8,en;q=0.6", 
      "Accept-Encoding": "gzip, deflate, sdch", 
      "Host": "ec2-52-214-129-74.eu-west-1.compute.amazonaws.com:8888", 
      "Accept": "text/html,application/xhtml+xml,application/xml;q=0.9,image/webp,*/*;q=0.8", 
      "User-Agent": "Mozilla/5.0 (X11; Linux x86_64) AppleWebKit/537.36 (KHTML, like Gecko) Chrome/58.0.3029.81 Safari/537.36", 
      "Connection": "keep-alive", 
      "Referer": "http://ec2-52-214-129-74.eu-west-1.compute.amazonaws.com:8888/notebooks/scripts/resnet50_val_raw.ipynb", 
      "Cookie": "username-ec2-52-214-129-74-eu-west-1-compute-amazonaws-com-8888=\"2|1:0|10:1494185332|63:username-ec2-52-214-129-74-eu-west-1-compute-amazonaws-com-8888|48:MjRlYjkxYzUtZTkwZC00MjBiLTk1NjgtM2Y4OTY2MzU4MDVh|f619ad939a8a196fa2c8c43d8c2e5373a2a5b5a04addb0bace9388857d912137\"", 
      "Upgrade-Insecure-Requests": "1"
    }
[E 19:51:00.208 NotebookApp] 500 GET /nbconvert/pdf/scripts/resnet50_val_raw.ipynb?download=true (176.61.36.2) 469.07ms referer=http://ec2-52-214-129-74.eu-west-1.compute.amazonaws.com:8888/notebooks/scripts/resnet50_val_raw.ipynb
Error allocating 396492800 bytes of device memory (out of memory). Driver report 116129792 bytes free and 11995578368 bytes total 
[I 19:59:06.558 NotebookApp] Saving file at /scripts/resnet50_val_raw.ipynb
[I 20:00:37.432 NotebookApp] Kernel restarted: fcc380e6-b6e6-4cda-b7e9-c8c67183f6c6
[W 20:00:37.434 NotebookApp] zmq message arrived on closed channel
[I 20:01:06.512 NotebookApp] Saving file at /scripts/resnet50_val_raw.ipynb
[I 20:03:06.468 NotebookApp] Saving file at /scripts/resnet50_val_raw.ipynb
Error allocating 12845056 bytes of device memory (out of memory). Driver report 8650752 bytes free and 11995578368 bytes total 
[I 20:09:06.455 NotebookApp] Saving file at /scripts/resnet50_val_raw.ipynb
[I 20:27:34.279 NotebookApp] Kernel restarted: fcc380e6-b6e6-4cda-b7e9-c8c67183f6c6
[I 20:29:06.503 NotebookApp] Saving file at /scripts/resnet50_val_raw.ipynb
[I 20:45:06.416 NotebookApp] Saving file at /scripts/resnet50_val_raw.ipynb
[I 20:52:52.821 NotebookApp] Kernel interrupted: fcc380e6-b6e6-4cda-b7e9-c8c67183f6c6
[I 20:53:06.641 NotebookApp] Saving file at /scripts/resnet50_val_raw.ipynb
[I 20:53:46.228 NotebookApp] Saving file at /scripts/cnnmodels.py
[I 20:53:53.051 NotebookApp] Kernel restarted: fcc380e6-b6e6-4cda-b7e9-c8c67183f6c6
[I 20:55:06.484 NotebookApp] Saving file at /scripts/resnet50_val_raw.ipynb
[I 21:02:18.335 NotebookApp] Kernel interrupted: fcc380e6-b6e6-4cda-b7e9-c8c67183f6c6
[I 21:02:26.511 NotebookApp] Kernel restarted: fcc380e6-b6e6-4cda-b7e9-c8c67183f6c6
[I 21:03:06.485 NotebookApp] Saving file at /scripts/resnet50_val_raw.ipynb
[I 21:05:06.468 NotebookApp] Saving file at /scripts/resnet50_val_raw.ipynb
[I 21:17:31.993 NotebookApp] Saving file at /scripts/resnet50_val_raw.ipynb
[I 21:24:43.279 NotebookApp] Saving file at /scripts/resnet50_val_raw.ipynb
[I 21:29:06.454 NotebookApp] Saving file at /scripts/resnet50_val_raw.ipynb
